<?xml version="1.0" encoding="UTF-8"?>
<testng-results skipped="0" failed="0" ignored="0" total="1" passed="1">
  <reporter-output>
  </reporter-output>
  <suite name="Default suite" duration-ms="64637" started-at="2021-02-23T11:18:56 WAT" finished-at="2021-02-23T11:20:01 WAT">
    <groups>
    </groups>
    <test name="Default test" duration-ms="64637" started-at="2021-02-23T11:18:56 WAT" finished-at="2021-02-23T11:20:01 WAT">
      <class name="students.SearchEvent">
        <test-method status="PASS" signature="setUp1()[pri:0, instance:students.SearchEvent@19d37183]" name="setUp1" is-config="true" duration-ms="21784" started-at="2021-02-23T11:18:56 WAT" finished-at="2021-02-23T11:19:18 WAT">
          <reporter-output>
          </reporter-output>
        </test-method> <!-- setUp1 -->
        <test-method status="PASS" signature="testStudentSearchEvent()[pri:0, instance:students.SearchEvent@19d37183]" name="testStudentSearchEvent" duration-ms="42184" started-at="2021-02-23T11:19:18 WAT" finished-at="2021-02-23T11:20:00 WAT">
          <reporter-output>
          </reporter-output>
        </test-method> <!-- testStudentSearchEvent -->
        <test-method status="PASS" signature="screenShot(org.testng.ITestResult)[pri:0, instance:students.SearchEvent@19d37183]" name="screenShot" is-config="true" duration-ms="631" started-at="2021-02-23T11:20:00 WAT" finished-at="2021-02-23T11:20:01 WAT">
          <params>
            <param index="0">
              <value>
                <![CDATA[[TestResult name=testStudentSearchEvent status=SUCCESS method=SearchEvent.testStudentSearchEvent()[pri:0, instance:students.SearchEvent@19d37183] output={null}]]]>
              </value>
            </param>
          </params>
          <reporter-output>
          </reporter-output>
        </test-method> <!-- screenShot -->
      </class> <!-- students.SearchEvent -->
    </test> <!-- Default test -->
  </suite> <!-- Default suite -->
</testng-results>
